ZaiChengDu/AtChengDu/build/outputs/mapping/chengdu/release/seeds.txt
com.z012.chengdu.sc.BuildConfig: boolean DEBUG
com.z012.chengdu.sc.BuildConfig: java.lang.String APPLICATION_ID
com.z012.chengdu.sc.BuildConfig: java.lang.String BUILD_TYPE
com.z012.chengdu.sc.BuildConfig: java.lang.String FLAVOR
com.z012.chengdu.sc.BuildConfig: int VERSION_CODE
com.z012.chengdu.sc.BuildConfig: java.lang.String VERSION_NAME
com.z012.chengdu.sc.BuildConfig: BuildConfig()
com.z012.chengdu.sc.Manifest: Manifest()
com.z012.chengdu.sc.Manifest$permission: java.lang.String JPUSH_MESSAGE
com.z012.chengdu.sc.Manifest$permission: Manifest$permission()
com.z012.chengdu.sc.R: R()
com.z012.chengdu.sc.R$anim
com.z012.chengdu.sc.R$anim: int cmbkb_push_bottom_in
com.z012.chengdu.sc.R$anim: int cmbkb_push_bottom_out
com.z012.chengdu.sc.R$anim: int fade_in
com.z012.chengdu.sc.R$anim: int fade_out
com.z012.chengdu.sc.R$anim: int progressbar
com.z012.chengdu.sc.R$anim: int push_down_in
com.z012.chengdu.sc.R$anim: int push_down_out
com.z012.chengdu.sc.R$anim: int push_left_in
com.z012.chengdu.sc.R$anim: int push_left_out
com.z012.chengdu.sc.R$anim: int push_right_in
com.z012.chengdu.sc.R$anim: int push_right_out
com.z012.chengdu.sc.R$anim: int push_up_in
com.z012.chengdu.sc.R$anim: int push_up_out
com.z012.chengdu.sc.R$anim: int slide_in_from_bottom
com.z012.chengdu.sc.R$anim: int slide_in_from_top
com.z012.chengdu.sc.R$anim: int slide_out_to_bottom
com.z012.chengdu.sc.R$anim: int slide_out_to_top
com.z012.chengdu.sc.R$anim: int umeng_socialize_fade_in
com.z012.chengdu.sc.R$anim: int umeng_socialize_fade_out
com.z012.chengdu.sc.R$anim: int umeng_socialize_shareboard_animation_in
com.z012.chengdu.sc.R$anim: int umeng_socialize_shareboard_animation_out
com.z012.chengdu.sc.R$anim: int umeng_socialize_slide_in_from_bottom
com.z012.chengdu.sc.R$anim: int umeng_socialize_slide_out_from_bottom
com.z012.chengdu.sc.R$anim: int zoomin
com.z012.chengdu.sc.R$anim: int zoomout
com.z012.chengdu.sc.R$anim: R$anim()
com.z012.chengdu.sc.R$array
com.z012.chengdu.sc.R$array: int sex_array
com.z012.chengdu.sc.R$array: R$array()
com.z012.chengdu.sc.R$attr
com.z012.chengdu.sc.R$attr: int KeyBoardType
com.z012.chengdu.sc.R$attr: int Length
com.z012.chengdu.sc.R$attr: int border_color
com.z012.chengdu.sc.R$attr: int border_width
com.z012.chengdu.sc.R$attr: int dwSelectedTabTextColor
com.z012.chengdu.sc.R$attr: int dwSelectedTabTextSize
com.z012.chengdu.sc.R$attr: int dwTabTextColor
com.z012.chengdu.sc.R$attr: int dwTabTextSize
com.z012.chengdu.sc.R$attr: int isPassword
com.z012.chengdu.sc.R$attr: int matProg_barColor
com.z012.chengdu.sc.R$attr: int matProg_barSpinCycleTime
com.z012.chengdu.sc.R$attr: int matProg_barWidth
com.z012.chengdu.sc.R$attr: int matProg_circleRadius
com.z012.chengdu.sc.R$attr: int matProg_fillRadius
com.z012.chengdu.sc.R$attr: int matProg_linearProgress
com.z012.chengdu.sc.R$attr: int matProg_progressIndeterminate
com.z012.chengdu.sc.R$attr: int matProg_rimColor
com.z012.chengdu.sc.R$attr: int matProg_rimWidth
com.z012.chengdu.sc.R$attr: int matProg_spinSpeed
com.z012.chengdu.sc.R$attr: int pstsDividerColor
com.z012.chengdu.sc.R$attr: int pstsDividerPadding
com.z012.chengdu.sc.R$attr: int pstsIndicatorColor
com.z012.chengdu.sc.R$attr: int pstsIndicatorHeight
com.z012.chengdu.sc.R$attr: int pstsScrollOffset
com.z012.chengdu.sc.R$attr: int pstsShouldExpand
com.z012.chengdu.sc.R$attr: int pstsTabBackground
com.z012.chengdu.sc.R$attr: int pstsTabPaddingLeftRight
com.z012.chengdu.sc.R$attr: int pstsTextAllCaps
com.z012.chengdu.sc.R$attr: int pstsUnderlineColor
...
u.aly.k$1: void a()
u.aly.k$a: k$a(u.aly.k)
u.aly.k$a: com.umeng.analytics.ReportPolicy$g c()
u.aly.k$a: void a(int)
u.aly.k$a: void b(int)
u.aly.k$a: void a(int,int)
u.aly.l: u.aly.l a(android.content.Context)
u.aly.l: void a(u.aly.p)
u.aly.l: void a(com.umeng.analytics.onlineconfig.a)
u.aly.l: void a(u.aly.q)
u.aly.l: void b(u.aly.q)
u.aly.l: void a()
u.aly.l: void b()
u.aly.l: void c()
u.aly.l$1: void a()
u.aly.l$2: void a()
u.aly.l$3: void a()
u.aly.l$4: void a()
u.aly.m: m(android.content.Context)
u.aly.m: void a(boolean)
u.aly.m: int a(java.lang.String)
u.aly.m: void a(java.lang.String,u.aly.ae)
u.aly.m: u.aly.ae b(java.lang.String)
u.aly.n: n()
u.aly.n: void a(u.aly.v)
u.aly.n: void uncaughtException(java.lang.Thread,java.lang.Throwable)
u.aly.o: o(android.content.Context)
u.aly.o: void a(java.lang.String,java.util.Map,long)
u.aly.o: void a(java.lang.String,java.lang.String,long,int)
u.aly.o: void a(java.lang.String,java.util.Map)
u.aly.o: void a(java.lang.String,java.lang.String)
u.aly.o: void b(java.lang.String,java.lang.String)
u.aly.o: void a(java.lang.String,java.util.Map,java.lang.String)
u.aly.o: void c(java.lang.String,java.lang.String)
u.aly.p: void b(u.aly.q)
u.aly.p: void a(u.aly.q)
u.aly.p: void b()
u.aly.p: void a()
u.aly.p: void c()
u.aly.q: void a(u.aly.bn,java.lang.String)
u.aly.r: void a()
u.aly.r: void b()
u.aly.r: void c()
u.aly.r: void d()
u.aly.s: s(android.content.Context)
u.aly.s: android.content.Context a()
u.aly.s: int b()
u.aly.s: void a(u.aly.q)
u.aly.s: void a(u.aly.bn)
u.aly.s: void a(u.aly.am)
u.aly.s: u.aly.ao c()
u.aly.s: u.aly.ar d()
u.aly.s: u.aly.bf e()
u.aly.s: u.aly.ba f()
u.aly.s: u.aly.az g()
u.aly.s: u.aly.ap h()
u.aly.s: u.aly.an i()
u.aly.t: t(android.content.Context)
u.aly.t: void a(u.aly.r)
u.aly.t: byte[] a(byte[])
u.aly.u: u()
u.aly.u: java.lang.String a(java.io.Serializable)
u.aly.u: java.lang.Object a(java.lang.String)
u.aly.u: java.lang.String a(byte[])
u.aly.u: byte[] b(java.lang.String)
u.aly.v: void a(java.lang.Throwable)
u.aly.w: void a(int)
u.aly.w: void b(int)
u.aly.w: void c(int)
u.aly.x: android.content.SharedPreferences a(android.content.Context,java.lang.String)
u.aly.x: android.content.SharedPreferences a(android.content.Context)
u.aly.y: y(android.content.Context,u.aly.aa)
u.aly.y: void a(u.aly.bn)
u.aly.y: void a(boolean)
u.aly.y: void b(boolean)
u.aly.y: void a(u.aly.w)
u.aly.y: void a()
u.aly.y$1: void a(java.io.File)
u.aly.y$1: boolean b(java.io.File)
u.aly.y$1: void c(java.io.File)
u.aly.z: z()
u.aly.z: u.aly.aj a(android.content.Context)
u.aly.z: java.lang.String b(android.content.Context)
u.aly.z: void c(android.content.Context)
u.aly.z: void d(android.content.Context)
u.aly.z: boolean e(android.content.Context)
u.aly.z: void f(android.content.Context)
u.aly.z: java.lang.String g(android.content.Context)