ZaiChengDu/AtChengDu/build/outputs/mapping/chengdu/release/mapping.txt
com.z012.chengdu.sc.BuildConfig -> com.z012.chengdu.sc.a:
    boolean DEBUG -> DEBUG
    java.lang.String APPLICATION_ID -> APPLICATION_ID
    java.lang.String BUILD_TYPE -> BUILD_TYPE
    java.lang.String FLAVOR -> FLAVOR
    int VERSION_CODE -> VERSION_CODE
    java.lang.String VERSION_NAME -> VERSION_NAME
    6:6:void <init>() -> <init>
com.z012.chengdu.sc.Manifest -> com.z012.chengdu.sc.b:
    10:10:void <init>() -> <init>
com.z012.chengdu.sc.Manifest$permission -> com.z012.chengdu.sc.b$a:
    java.lang.String JPUSH_MESSAGE -> JPUSH_MESSAGE
    11:11:void <init>() -> <init>
com.z012.chengdu.sc.R -> com.z012.chengdu.sc.R:
    10:10:void <init>() -> <init>
com.z012.chengdu.sc.R$anim -> com.z012.chengdu.sc.R$anim:
    int cmbkb_push_bottom_in -> cmbkb_push_bottom_in
    int cmbkb_push_bottom_out -> cmbkb_push_bottom_out
    int fade_in -> fade_in
    int fade_out -> fade_out
    int progressbar -> progressbar
    int push_down_in -> push_down_in
    int push_down_out -> push_down_out
    int push_left_in -> push_left_in
    int push_left_out -> push_left_out
    int push_right_in -> push_right_in
    int push_right_out -> push_right_out
    int push_up_in -> push_up_in
    int push_up_out -> push_up_out
    int slide_in_from_bottom -> slide_in_from_bottom
    int slide_in_from_top -> slide_in_from_top
    int slide_out_to_bottom -> slide_out_to_bottom
    int slide_out_to_top -> slide_out_to_top
    int umeng_socialize_fade_in -> umeng_socialize_fade_in
    int umeng_socialize_fade_out -> umeng_socialize_fade_out
    int umeng_socialize_shareboard_animation_in -> umeng_socialize_shareboard_animation_in
    int umeng_socialize_shareboard_animation_out -> umeng_socialize_shareboard_animation_out
    int umeng_socialize_slide_in_from_bottom -> umeng_socialize_slide_in_from_bottom
    int umeng_socialize_slide_out_from_bottom -> umeng_socialize_slide_out_from_bottom
    int zoomin -> zoomin
    int zoomout -> zoomout
    11:11:void <init>() -> <init>
com.z012.chengdu.sc.R$array -> com.z012.chengdu.sc.R$array:
    int sex_array -> sex_array
    38:38:void <init>() -> <init>
com.z012.chengdu.sc.R$attr -> com.z012.chengdu.sc.R$attr:
    int KeyBoardType -> KeyBoardType
    int Length -> Length
    int border_color -> border_color
    int border_width -> border_width
    int dwSelectedTabTextColor -> dwSelectedTabTextColor
    int dwSelectedTabTextSize -> dwSelectedTabTextSize
    int dwTabTextColor -> dwTabTextColor
    int dwTabTextSize -> dwTabTextSize
    int isPassword -> isPassword
    int matProg_barColor -> matProg_barColor
    int matProg_barSpinCycleTime -> matProg_barSpinCycleTime
    int matProg_barWidth -> matProg_barWidth
    int matProg_circleRadius -> matProg_circleRadius
    int matProg_fillRadius -> matProg_fillRadius
    int matProg_linearProgress -> matProg_linearProgress
    int matProg_progressIndeterminate -> matProg_progressIndeterminate
    int matProg_rimColor -> matProg_rimColor
    int matProg_rimWidth -> matProg_rimWidth
    int matProg_spinSpeed -> matProg_spinSpeed
    int pstsDividerColor -> pstsDividerColor
    int pstsDividerPadding -> pstsDividerPadding
    int pstsIndicatorColor -> pstsIndicatorColor
    int pstsIndicatorHeight -> pstsIndicatorHeight
    int pstsScrollOffset -> pstsScrollOffset
    int pstsShouldExpand -> pstsShouldExpand
    int pstsTabBackground -> pstsTabBackground
    int pstsTabPaddingLeftRight -> pstsTabPaddingLeftRight
    int pstsTextAllCaps -> pstsTextAllCaps
    int pstsUnderlineColor -> pstsUnderlineColor
    int pstsUnderlineHeight -> pstsUnderlineHeight
...
com.handmark.pulltorefresh.library.internal.ViewCompat$SDK11 -> com.handmark.pulltorefresh.library.a.j$a:
    50:50:void <init>() -> <init>
    53:54:void setLayerType(android.view.View,int) -> setLayerType
com.handmark.pulltorefresh.library.internal.ViewCompat$SDK16 -> com.handmark.pulltorefresh.library.a.j$b:
    58:58:void <init>() -> <init>
    61:62:void postOnAnimation(android.view.View,java.lang.Runnable) -> postOnAnimation
    65:66:void setBackground(android.view.View,android.graphics.drawable.Drawable) -> setBackground
com.prj.sdk.BuildConfig -> com.prj.sdk.a:
    boolean DEBUG -> DEBUG
    java.lang.String APPLICATION_ID -> APPLICATION_ID
    java.lang.String BUILD_TYPE -> BUILD_TYPE
    java.lang.String FLAVOR -> FLAVOR
    int VERSION_CODE -> VERSION_CODE
    java.lang.String VERSION_NAME -> VERSION_NAME
    6:6:void <init>() -> <init>
com.prj.sdk.R -> com.prj.sdk.R:
    9:9:void <init>() -> <init>
com.prj.sdk.R$color -> com.prj.sdk.R$color:
    int dialog_text_checked -> dialog_text_checked
    int dialog_text_unchecked -> dialog_text_unchecked
    10:10:void <init>() -> <init>
com.prj.sdk.R$drawable -> com.prj.sdk.R$drawable:
    int common_tip_bg -> common_tip_bg
    int dialog_btn_text_selector -> dialog_btn_text_selector
    int ic_launcher -> ic_launcher
    14:14:void <init>() -> <init>
com.prj.sdk.R$id -> com.prj.sdk.R$id:
    int menu_settings -> menu_settings
    19:19:void <init>() -> <init>
com.prj.sdk.R$layout -> com.prj.sdk.R$layout:
    int activity_main -> activity_main
    22:22:void <init>() -> <init>
com.prj.sdk.R$menu -> com.prj.sdk.R$menu:
    int activity_main -> activity_main
    25:25:void <init>() -> <init>
com.prj.sdk.R$string -> com.prj.sdk.R$string:
    int app_name -> app_name
    int hello_world -> hello_world
    int menu_settings -> menu_settings
    28:28:void <init>() -> <init>
com.prj.sdk.R$style -> com.prj.sdk.R$style:
    int AppBaseTheme -> AppBaseTheme
    int AppTheme -> AppTheme
    33:33:void <init>() -> <init>
com.prj.sdk.algo.Aes -> com.prj.sdk.a.a:
    java.lang.String TAG -> a
    java.lang.String AES_KEY -> AES_KEY
    20:20:void <init>() -> <init>
    35:45:java.lang.String getKey(java.lang.String) -> getKey
    59:77:byte[] Encrypt(byte[],java.lang.String) -> Encrypt
    90:93:byte[] Encrypt(java.lang.String,java.lang.String) -> Encrypt
    106:111:java.lang.String Encrypt2Str(java.lang.String,java.lang.String) -> Encrypt2Str
    123:127:java.lang.String Decrypt2Str(java.lang.String,java.lang.String) -> Decrypt2Str
    138:138:byte[] Decrypt(byte[],java.lang.String) -> Decrypt
    155:181:byte[] Decrypt(byte[],java.lang.String,int) -> Decrypt
    192:192:java.lang.String DecryptToString(byte[],java.lang.String) -> DecryptToString
    208:213:java.lang.String DecryptToString(byte[],java.lang.String,int) -> DecryptToString
    22:22:void <clinit>() -> <clinit>
com.prj.sdk.algo.MD5Tool -> com.prj.sdk.a.b:
    java.lang.String CHARSET_NAME -> a
    13:13:void <init>() -> <init>
    25:52:java.lang.String getMD5(byte[],boolean) -> getMD5
    62:62:java.lang.String getMD5(byte[]) -> getMD5
    67:71:java.lang.String getMD5(java.lang.String) -> getMD5
    83:89:java.lang.String getMD5(java.lang.String,java.lang.String) -> getMD5